-------------------------------------------------------------------------------
Test set: com.vytrack.runners.CukesRunner
-------------------------------------------------------------------------------
Tests run: 1, Failures: 1, Errors: 0, Skipped: 0, Time elapsed: 11.581 s <<< FAILURE! - in com.vytrack.runners.CukesRunner
Login as driver and navigate to the Vehicles(Vehicles)  Time elapsed: 11.1 s  <<< FAILURE!
org.junit.ComparisonFailure: expected:<[Cars]> but was:<[Quick Launchpad]>

